<?xml version="1.0" encoding="UTF-8"?>
<testsuite xmlns:xsi="http://www.w3.org/2001/XMLSchema-instance" xsi:noNamespaceSchemaLocation="https://maven.apache.org/surefire/maven-surefire-plugin/xsd/surefire-test-report-3.0.xsd" version="3.0" name="com.llrjava.LlrsWebManagementApplicationTests" time="0.235" tests="3" errors="1" skipped="0" failures="0">
  <properties>
    <property name="java.specification.version" value="17"/>
    <property name="sun.cpu.isalist" value="amd64"/>
    <property name="sun.jnu.encoding" value="GBK"/>
    <property name="java.class.path" value="D:\JavaProjectLibrary\llrs-web-management\target\test-classes;D:\JavaProjectLibrary\llrs-web-management\target\classes;D:\llrproject\apache-maven-3.6.1\mvn_repo\org\springframework\boot\spring-boot-starter-web\3.2.5\spring-boot-starter-web-3.2.5.jar;D:\llrproject\apache-maven-3.6.1\mvn_repo\org\springframework\boot\spring-boot-starter\3.2.5\spring-boot-starter-3.2.5.jar;D:\llrproject\apache-maven-3.6.1\mvn_repo\org\springframework\boot\spring-boot\3.2.5\spring-boot-3.2.5.jar;D:\llrproject\apache-maven-3.6.1\mvn_repo\org\springframework\boot\spring-boot-autoconfigure\3.2.5\spring-boot-autoconfigure-3.2.5.jar;D:\llrproject\apache-maven-3.6.1\mvn_repo\org\springframework\boot\spring-boot-starter-logging\3.2.5\spring-boot-starter-logging-3.2.5.jar;D:\llrproject\apache-maven-3.6.1\mvn_repo\ch\qos\logback\logback-classic\1.4.14\logback-classic-1.4.14.jar;D:\llrproject\apache-maven-3.6.1\mvn_repo\ch\qos\logback\logback-core\1.4.14\logback-core-1.4.14.jar;D:\llrproject\apache-maven-3.6.1\mvn_repo\org\apache\logging\log4j\log4j-to-slf4j\2.21.1\log4j-to-slf4j-2.21.1.jar;D:\llrproject\apache-maven-3.6.1\mvn_repo\org\apache\logging\log4j\log4j-api\2.21.1\log4j-api-2.21.1.jar;D:\llrproject\apache-maven-3.6.1\mvn_repo\org\slf4j\jul-to-slf4j\2.0.13\jul-to-slf4j-2.0.13.jar;D:\llrproject\apache-maven-3.6.1\mvn_repo\jakarta\annotation\jakarta.annotation-api\2.1.1\jakarta.annotation-api-2.1.1.jar;D:\llrproject\apache-maven-3.6.1\mvn_repo\org\yaml\snakeyaml\2.2\snakeyaml-2.2.jar;D:\llrproject\apache-maven-3.6.1\mvn_repo\org\springframework\boot\spring-boot-starter-json\3.2.5\spring-boot-starter-json-3.2.5.jar;D:\llrproject\apache-maven-3.6.1\mvn_repo\com\fasterxml\jackson\datatype\jackson-datatype-jdk8\2.15.4\jackson-datatype-jdk8-2.15.4.jar;D:\llrproject\apache-maven-3.6.1\mvn_repo\com\fasterxml\jackson\datatype\jackson-datatype-jsr310\2.15.4\jackson-datatype-jsr310-2.15.4.jar;D:\llrproject\apache-maven-3.6.1\mvn_repo\com\fasterxml\jackson\module\jackson-module-parameter-names\2.15.4\jackson-module-parameter-names-2.15.4.jar;D:\llrproject\apache-maven-3.6.1\mvn_repo\org\springframework\boot\spring-boot-starter-tomcat\3.2.5\spring-boot-starter-tomcat-3.2.5.jar;D:\llrproject\apache-maven-3.6.1\mvn_repo\org\apache\tomcat\embed\tomcat-embed-core\10.1.20\tomcat-embed-core-10.1.20.jar;D:\llrproject\apache-maven-3.6.1\mvn_repo\org\apache\tomcat\embed\tomcat-embed-el\10.1.20\tomcat-embed-el-10.1.20.jar;D:\llrproject\apache-maven-3.6.1\mvn_repo\org\apache\tomcat\embed\tomcat-embed-websocket\10.1.20\tomcat-embed-websocket-10.1.20.jar;D:\llrproject\apache-maven-3.6.1\mvn_repo\org\springframework\spring-web\6.1.6\spring-web-6.1.6.jar;D:\llrproject\apache-maven-3.6.1\mvn_repo\org\springframework\spring-beans\6.1.6\spring-beans-6.1.6.jar;D:\llrproject\apache-maven-3.6.1\mvn_repo\org\springframework\spring-webmvc\6.1.6\spring-webmvc-6.1.6.jar;D:\llrproject\apache-maven-3.6.1\mvn_repo\org\springframework\spring-context\6.1.6\spring-context-6.1.6.jar;D:\llrproject\apache-maven-3.6.1\mvn_repo\org\springframework\spring-expression\6.1.6\spring-expression-6.1.6.jar;D:\llrproject\apache-maven-3.6.1\mvn_repo\org\mybatis\spring\boot\mybatis-spring-boot-starter\3.0.3\mybatis-spring-boot-starter-3.0.3.jar;D:\llrproject\apache-maven-3.6.1\mvn_repo\org\springframework\boot\spring-boot-starter-jdbc\3.2.5\spring-boot-starter-jdbc-3.2.5.jar;D:\llrproject\apache-maven-3.6.1\mvn_repo\com\zaxxer\HikariCP\5.0.1\HikariCP-5.0.1.jar;D:\llrproject\apache-maven-3.6.1\mvn_repo\org\springframework\spring-jdbc\6.1.6\spring-jdbc-6.1.6.jar;D:\llrproject\apache-maven-3.6.1\mvn_repo\org\mybatis\spring\boot\mybatis-spring-boot-autoconfigure\3.0.3\mybatis-spring-boot-autoconfigure-3.0.3.jar;D:\llrproject\apache-maven-3.6.1\mvn_repo\org\mybatis\mybatis\3.5.14\mybatis-3.5.14.jar;D:\llrproject\apache-maven-3.6.1\mvn_repo\org\mybatis\mybatis-spring\3.0.3\mybatis-spring-3.0.3.jar;D:\llrproject\apache-maven-3.6.1\mvn_repo\com\mysql\mysql-connector-j\8.3.0\mysql-connector-j-8.3.0.jar;D:\llrproject\apache-maven-3.6.1\mvn_repo\org\projectlombok\lombok\1.18.32\lombok-1.18.32.jar;D:\llrproject\apache-maven-3.6.1\mvn_repo\org\springframework\boot\spring-boot-starter-test\3.2.5\spring-boot-starter-test-3.2.5.jar;D:\llrproject\apache-maven-3.6.1\mvn_repo\org\springframework\boot\spring-boot-test\3.2.5\spring-boot-test-3.2.5.jar;D:\llrproject\apache-maven-3.6.1\mvn_repo\org\springframework\boot\spring-boot-test-autoconfigure\3.2.5\spring-boot-test-autoconfigure-3.2.5.jar;D:\llrproject\apache-maven-3.6.1\mvn_repo\com\jayway\jsonpath\json-path\2.9.0\json-path-2.9.0.jar;D:\llrproject\apache-maven-3.6.1\mvn_repo\org\slf4j\slf4j-api\2.0.13\slf4j-api-2.0.13.jar;D:\llrproject\apache-maven-3.6.1\mvn_repo\jakarta\xml\bind\jakarta.xml.bind-api\4.0.2\jakarta.xml.bind-api-4.0.2.jar;D:\llrproject\apache-maven-3.6.1\mvn_repo\jakarta\activation\jakarta.activation-api\2.1.3\jakarta.activation-api-2.1.3.jar;D:\llrproject\apache-maven-3.6.1\mvn_repo\net\minidev\json-smart\2.5.1\json-smart-2.5.1.jar;D:\llrproject\apache-maven-3.6.1\mvn_repo\net\minidev\accessors-smart\2.5.1\accessors-smart-2.5.1.jar;D:\llrproject\apache-maven-3.6.1\mvn_repo\org\ow2\asm\asm\9.6\asm-9.6.jar;D:\llrproject\apache-maven-3.6.1\mvn_repo\org\assertj\assertj-core\3.24.2\assertj-core-3.24.2.jar;D:\llrproject\apache-maven-3.6.1\mvn_repo\net\bytebuddy\byte-buddy\1.14.13\byte-buddy-1.14.13.jar;D:\llrproject\apache-maven-3.6.1\mvn_repo\org\awaitility\awaitility\4.2.1\awaitility-4.2.1.jar;D:\llrproject\apache-maven-3.6.1\mvn_repo\org\hamcrest\hamcrest\2.2\hamcrest-2.2.jar;D:\llrproject\apache-maven-3.6.1\mvn_repo\org\junit\jupiter\junit-jupiter\5.10.2\junit-jupiter-5.10.2.jar;D:\llrproject\apache-maven-3.6.1\mvn_repo\org\junit\jupiter\junit-jupiter-api\5.10.2\junit-jupiter-api-5.10.2.jar;D:\llrproject\apache-maven-3.6.1\mvn_repo\org\opentest4j\opentest4j\1.3.0\opentest4j-1.3.0.jar;D:\llrproject\apache-maven-3.6.1\mvn_repo\org\junit\platform\junit-platform-commons\1.10.2\junit-platform-commons-1.10.2.jar;D:\llrproject\apache-maven-3.6.1\mvn_repo\org\apiguardian\apiguardian-api\1.1.2\apiguardian-api-1.1.2.jar;D:\llrproject\apache-maven-3.6.1\mvn_repo\org\junit\jupiter\junit-jupiter-params\5.10.2\junit-jupiter-params-5.10.2.jar;D:\llrproject\apache-maven-3.6.1\mvn_repo\org\junit\jupiter\junit-jupiter-engine\5.10.2\junit-jupiter-engine-5.10.2.jar;D:\llrproject\apache-maven-3.6.1\mvn_repo\org\junit\platform\junit-platform-engine\1.10.2\junit-platform-engine-1.10.2.jar;D:\llrproject\apache-maven-3.6.1\mvn_repo\org\mockito\mockito-core\5.7.0\mockito-core-5.7.0.jar;D:\llrproject\apache-maven-3.6.1\mvn_repo\net\bytebuddy\byte-buddy-agent\1.14.13\byte-buddy-agent-1.14.13.jar;D:\llrproject\apache-maven-3.6.1\mvn_repo\org\objenesis\objenesis\3.3\objenesis-3.3.jar;D:\llrproject\apache-maven-3.6.1\mvn_repo\org\mockito\mockito-junit-jupiter\5.7.0\mockito-junit-jupiter-5.7.0.jar;D:\llrproject\apache-maven-3.6.1\mvn_repo\org\skyscreamer\jsonassert\1.5.1\jsonassert-1.5.1.jar;D:\llrproject\apache-maven-3.6.1\mvn_repo\com\vaadin\external\google\android-json\0.0.20131108.vaadin1\android-json-0.0.20131108.vaadin1.jar;D:\llrproject\apache-maven-3.6.1\mvn_repo\org\springframework\spring-core\6.1.6\spring-core-6.1.6.jar;D:\llrproject\apache-maven-3.6.1\mvn_repo\org\springframework\spring-jcl\6.1.6\spring-jcl-6.1.6.jar;D:\llrproject\apache-maven-3.6.1\mvn_repo\org\springframework\spring-test\6.1.6\spring-test-6.1.6.jar;D:\llrproject\apache-maven-3.6.1\mvn_repo\org\xmlunit\xmlunit-core\2.9.1\xmlunit-core-2.9.1.jar;D:\llrproject\apache-maven-3.6.1\mvn_repo\org\mybatis\spring\boot\mybatis-spring-boot-starter-test\3.0.3\mybatis-spring-boot-starter-test-3.0.3.jar;D:\llrproject\apache-maven-3.6.1\mvn_repo\org\mybatis\spring\boot\mybatis-spring-boot-test-autoconfigure\3.0.3\mybatis-spring-boot-test-autoconfigure-3.0.3.jar;D:\llrproject\apache-maven-3.6.1\mvn_repo\org\springframework\spring-tx\6.1.6\spring-tx-6.1.6.jar;D:\llrproject\apache-maven-3.6.1\mvn_repo\org\springframework\boot\spring-boot-starter-actuator\3.2.5\spring-boot-starter-actuator-3.2.5.jar;D:\llrproject\apache-maven-3.6.1\mvn_repo\org\springframework\boot\spring-boot-actuator-autoconfigure\3.2.5\spring-boot-actuator-autoconfigure-3.2.5.jar;D:\llrproject\apache-maven-3.6.1\mvn_repo\org\springframework\boot\spring-boot-actuator\3.2.5\spring-boot-actuator-3.2.5.jar;D:\llrproject\apache-maven-3.6.1\mvn_repo\io\micrometer\micrometer-observation\1.12.5\micrometer-observation-1.12.5.jar;D:\llrproject\apache-maven-3.6.1\mvn_repo\io\micrometer\micrometer-commons\1.12.5\micrometer-commons-1.12.5.jar;D:\llrproject\apache-maven-3.6.1\mvn_repo\io\micrometer\micrometer-jakarta9\1.12.5\micrometer-jakarta9-1.12.5.jar;D:\llrproject\apache-maven-3.6.1\mvn_repo\io\micrometer\micrometer-core\1.12.5\micrometer-core-1.12.5.jar;D:\llrproject\apache-maven-3.6.1\mvn_repo\org\hdrhistogram\HdrHistogram\2.1.12\HdrHistogram-2.1.12.jar;D:\llrproject\apache-maven-3.6.1\mvn_repo\org\latencyutils\LatencyUtils\2.0.3\LatencyUtils-2.0.3.jar;D:\llrproject\apache-maven-3.6.1\mvn_repo\com\aliyun\oss\aliyun-sdk-oss\3.15.1\aliyun-sdk-oss-3.15.1.jar;D:\llrproject\apache-maven-3.6.1\mvn_repo\org\apache\httpcomponents\httpclient\4.4.1\httpclient-4.4.1.jar;D:\llrproject\apache-maven-3.6.1\mvn_repo\org\apache\httpcomponents\httpcore\4.4.16\httpcore-4.4.16.jar;D:\llrproject\apache-maven-3.6.1\mvn_repo\commons-logging\commons-logging\1.2\commons-logging-1.2.jar;D:\llrproject\apache-maven-3.6.1\mvn_repo\commons-codec\commons-codec\1.16.1\commons-codec-1.16.1.jar;D:\llrproject\apache-maven-3.6.1\mvn_repo\org\jdom\jdom2\2.0.6.1\jdom2-2.0.6.1.jar;D:\llrproject\apache-maven-3.6.1\mvn_repo\org\codehaus\jettison\jettison\1.1\jettison-1.1.jar;D:\llrproject\apache-maven-3.6.1\mvn_repo\stax\stax-api\1.0.1\stax-api-1.0.1.jar;D:\llrproject\apache-maven-3.6.1\mvn_repo\com\aliyun\aliyun-java-sdk-core\4.5.10\aliyun-java-sdk-core-4.5.10.jar;D:\llrproject\apache-maven-3.6.1\mvn_repo\com\google\code\gson\gson\2.10.1\gson-2.10.1.jar;D:\llrproject\apache-maven-3.6.1\mvn_repo\org\jacoco\org.jacoco.agent\0.8.5\org.jacoco.agent-0.8.5-runtime.jar;D:\llrproject\apache-maven-3.6.1\mvn_repo\org\ini4j\ini4j\0.5.4\ini4j-0.5.4.jar;D:\llrproject\apache-maven-3.6.1\mvn_repo\io\opentracing\opentracing-api\0.33.0\opentracing-api-0.33.0.jar;D:\llrproject\apache-maven-3.6.1\mvn_repo\io\opentracing\opentracing-util\0.33.0\opentracing-util-0.33.0.jar;D:\llrproject\apache-maven-3.6.1\mvn_repo\io\opentracing\opentracing-noop\0.33.0\opentracing-noop-0.33.0.jar;D:\llrproject\apache-maven-3.6.1\mvn_repo\com\aliyun\aliyun-java-sdk-ram\3.1.0\aliyun-java-sdk-ram-3.1.0.jar;D:\llrproject\apache-maven-3.6.1\mvn_repo\com\aliyun\aliyun-java-sdk-kms\2.11.0\aliyun-java-sdk-kms-2.11.0.jar;D:\llrproject\apache-maven-3.6.1\mvn_repo\javax\xml\bind\jaxb-api\2.3.1\jaxb-api-2.3.1.jar;D:\llrproject\apache-maven-3.6.1\mvn_repo\javax\activation\javax.activation-api\1.2.0\javax.activation-api-1.2.0.jar;D:\llrproject\apache-maven-3.6.1\mvn_repo\javax\activation\activation\1.1.1\activation-1.1.1.jar;D:\llrproject\apache-maven-3.6.1\mvn_repo\org\glassfish\jaxb\jaxb-runtime\2.3.3\jaxb-runtime-2.3.3.jar;D:\llrproject\apache-maven-3.6.1\mvn_repo\org\glassfish\jaxb\txw2\4.0.5\txw2-4.0.5.jar;D:\llrproject\apache-maven-3.6.1\mvn_repo\com\sun\istack\istack-commons-runtime\4.1.2\istack-commons-runtime-4.1.2.jar;D:\llrproject\apache-maven-3.6.1\mvn_repo\com\sun\activation\jakarta.activation\1.2.2\jakarta.activation-1.2.2.jar;D:\llrproject\apache-maven-3.6.1\mvn_repo\org\springframework\boot\spring-boot-configuration-processor\3.2.5\spring-boot-configuration-processor-3.2.5.jar;D:\llrproject\apache-maven-3.6.1\mvn_repo\io\jsonwebtoken\jjwt\0.9.1\jjwt-0.9.1.jar;D:\llrproject\apache-maven-3.6.1\mvn_repo\com\fasterxml\jackson\core\jackson-databind\2.15.4\jackson-databind-2.15.4.jar;D:\llrproject\apache-maven-3.6.1\mvn_repo\com\fasterxml\jackson\core\jackson-annotations\2.15.4\jackson-annotations-2.15.4.jar;D:\llrproject\apache-maven-3.6.1\mvn_repo\com\fasterxml\jackson\core\jackson-core\2.15.4\jackson-core-2.15.4.jar;D:\llrproject\apache-maven-3.6.1\mvn_repo\com\alibaba\fastjson\1.2.76\fastjson-1.2.76.jar;D:\llrproject\apache-maven-3.6.1\mvn_repo\org\springframework\boot\spring-boot-starter-aop\3.2.5\spring-boot-starter-aop-3.2.5.jar;D:\llrproject\apache-maven-3.6.1\mvn_repo\org\springframework\spring-aop\6.1.6\spring-aop-6.1.6.jar;D:\llrproject\apache-maven-3.6.1\mvn_repo\org\aspectj\aspectjweaver\1.9.22\aspectjweaver-1.9.22.jar;"/>
    <property name="java.vm.vendor" value="Oracle Corporation"/>
    <property name="sun.arch.data.model" value="64"/>
    <property name="user.variant" value=""/>
    <property name="java.vendor.url" value="https://java.oracle.com/"/>
    <property name="user.timezone" value="Asia/Shanghai"/>
    <property name="os.name" value="Windows 11"/>
    <property name="java.vm.specification.version" value="17"/>
    <property name="sun.java.launcher" value="SUN_STANDARD"/>
    <property name="user.country" value="CN"/>
    <property name="sun.boot.library.path" value="D:\llrjava\jdk\bin"/>
    <property name="sun.java.command" value="C:\Users\李哈哈\AppData\Local\Temp\surefire14133517555710609058\surefirebooter-20240509221238203_3.jar C:\Users\李哈哈\AppData\Local\Temp\surefire14133517555710609058 2024-05-09T22-12-38_108-jvmRun1 surefire-20240509221238203_1tmp surefire_0-20240509221238203_2tmp"/>
    <property name="jdk.debug" value="release"/>
    <property name="surefire.test.class.path" value="D:\JavaProjectLibrary\llrs-web-management\target\test-classes;D:\JavaProjectLibrary\llrs-web-management\target\classes;D:\llrproject\apache-maven-3.6.1\mvn_repo\org\springframework\boot\spring-boot-starter-web\3.2.5\spring-boot-starter-web-3.2.5.jar;D:\llrproject\apache-maven-3.6.1\mvn_repo\org\springframework\boot\spring-boot-starter\3.2.5\spring-boot-starter-3.2.5.jar;D:\llrproject\apache-maven-3.6.1\mvn_repo\org\springframework\boot\spring-boot\3.2.5\spring-boot-3.2.5.jar;D:\llrproject\apache-maven-3.6.1\mvn_repo\org\springframework\boot\spring-boot-autoconfigure\3.2.5\spring-boot-autoconfigure-3.2.5.jar;D:\llrproject\apache-maven-3.6.1\mvn_repo\org\springframework\boot\spring-boot-starter-logging\3.2.5\spring-boot-starter-logging-3.2.5.jar;D:\llrproject\apache-maven-3.6.1\mvn_repo\ch\qos\logback\logback-classic\1.4.14\logback-classic-1.4.14.jar;D:\llrproject\apache-maven-3.6.1\mvn_repo\ch\qos\logback\logback-core\1.4.14\logback-core-1.4.14.jar;D:\llrproject\apache-maven-3.6.1\mvn_repo\org\apache\logging\log4j\log4j-to-slf4j\2.21.1\log4j-to-slf4j-2.21.1.jar;D:\llrproject\apache-maven-3.6.1\mvn_repo\org\apache\logging\log4j\log4j-api\2.21.1\log4j-api-2.21.1.jar;D:\llrproject\apache-maven-3.6.1\mvn_repo\org\slf4j\jul-to-slf4j\2.0.13\jul-to-slf4j-2.0.13.jar;D:\llrproject\apache-maven-3.6.1\mvn_repo\jakarta\annotation\jakarta.annotation-api\2.1.1\jakarta.annotation-api-2.1.1.jar;D:\llrproject\apache-maven-3.6.1\mvn_repo\org\yaml\snakeyaml\2.2\snakeyaml-2.2.jar;D:\llrproject\apache-maven-3.6.1\mvn_repo\org\springframework\boot\spring-boot-starter-json\3.2.5\spring-boot-starter-json-3.2.5.jar;D:\llrproject\apache-maven-3.6.1\mvn_repo\com\fasterxml\jackson\datatype\jackson-datatype-jdk8\2.15.4\jackson-datatype-jdk8-2.15.4.jar;D:\llrproject\apache-maven-3.6.1\mvn_repo\com\fasterxml\jackson\datatype\jackson-datatype-jsr310\2.15.4\jackson-datatype-jsr310-2.15.4.jar;D:\llrproject\apache-maven-3.6.1\mvn_repo\com\fasterxml\jackson\module\jackson-module-parameter-names\2.15.4\jackson-module-parameter-names-2.15.4.jar;D:\llrproject\apache-maven-3.6.1\mvn_repo\org\springframework\boot\spring-boot-starter-tomcat\3.2.5\spring-boot-starter-tomcat-3.2.5.jar;D:\llrproject\apache-maven-3.6.1\mvn_repo\org\apache\tomcat\embed\tomcat-embed-core\10.1.20\tomcat-embed-core-10.1.20.jar;D:\llrproject\apache-maven-3.6.1\mvn_repo\org\apache\tomcat\embed\tomcat-embed-el\10.1.20\tomcat-embed-el-10.1.20.jar;D:\llrproject\apache-maven-3.6.1\mvn_repo\org\apache\tomcat\embed\tomcat-embed-websocket\10.1.20\tomcat-embed-websocket-10.1.20.jar;D:\llrproject\apache-maven-3.6.1\mvn_repo\org\springframework\spring-web\6.1.6\spring-web-6.1.6.jar;D:\llrproject\apache-maven-3.6.1\mvn_repo\org\springframework\spring-beans\6.1.6\spring-beans-6.1.6.jar;D:\llrproject\apache-maven-3.6.1\mvn_repo\org\springframework\spring-webmvc\6.1.6\spring-webmvc-6.1.6.jar;D:\llrproject\apache-maven-3.6.1\mvn_repo\org\springframework\spring-context\6.1.6\spring-context-6.1.6.jar;D:\llrproject\apache-maven-3.6.1\mvn_repo\org\springframework\spring-expression\6.1.6\spring-expression-6.1.6.jar;D:\llrproject\apache-maven-3.6.1\mvn_repo\org\mybatis\spring\boot\mybatis-spring-boot-starter\3.0.3\mybatis-spring-boot-starter-3.0.3.jar;D:\llrproject\apache-maven-3.6.1\mvn_repo\org\springframework\boot\spring-boot-starter-jdbc\3.2.5\spring-boot-starter-jdbc-3.2.5.jar;D:\llrproject\apache-maven-3.6.1\mvn_repo\com\zaxxer\HikariCP\5.0.1\HikariCP-5.0.1.jar;D:\llrproject\apache-maven-3.6.1\mvn_repo\org\springframework\spring-jdbc\6.1.6\spring-jdbc-6.1.6.jar;D:\llrproject\apache-maven-3.6.1\mvn_repo\org\mybatis\spring\boot\mybatis-spring-boot-autoconfigure\3.0.3\mybatis-spring-boot-autoconfigure-3.0.3.jar;D:\llrproject\apache-maven-3.6.1\mvn_repo\org\mybatis\mybatis\3.5.14\mybatis-3.5.14.jar;D:\llrproject\apache-maven-3.6.1\mvn_repo\org\mybatis\mybatis-spring\3.0.3\mybatis-spring-3.0.3.jar;D:\llrproject\apache-maven-3.6.1\mvn_repo\com\mysql\mysql-connector-j\8.3.0\mysql-connector-j-8.3.0.jar;D:\llrproject\apache-maven-3.6.1\mvn_repo\org\projectlombok\lombok\1.18.32\lombok-1.18.32.jar;D:\llrproject\apache-maven-3.6.1\mvn_repo\org\springframework\boot\spring-boot-starter-test\3.2.5\spring-boot-starter-test-3.2.5.jar;D:\llrproject\apache-maven-3.6.1\mvn_repo\org\springframework\boot\spring-boot-test\3.2.5\spring-boot-test-3.2.5.jar;D:\llrproject\apache-maven-3.6.1\mvn_repo\org\springframework\boot\spring-boot-test-autoconfigure\3.2.5\spring-boot-test-autoconfigure-3.2.5.jar;D:\llrproject\apache-maven-3.6.1\mvn_repo\com\jayway\jsonpath\json-path\2.9.0\json-path-2.9.0.jar;D:\llrproject\apache-maven-3.6.1\mvn_repo\org\slf4j\slf4j-api\2.0.13\slf4j-api-2.0.13.jar;D:\llrproject\apache-maven-3.6.1\mvn_repo\jakarta\xml\bind\jakarta.xml.bind-api\4.0.2\jakarta.xml.bind-api-4.0.2.jar;D:\llrproject\apache-maven-3.6.1\mvn_repo\jakarta\activation\jakarta.activation-api\2.1.3\jakarta.activation-api-2.1.3.jar;D:\llrproject\apache-maven-3.6.1\mvn_repo\net\minidev\json-smart\2.5.1\json-smart-2.5.1.jar;D:\llrproject\apache-maven-3.6.1\mvn_repo\net\minidev\accessors-smart\2.5.1\accessors-smart-2.5.1.jar;D:\llrproject\apache-maven-3.6.1\mvn_repo\org\ow2\asm\asm\9.6\asm-9.6.jar;D:\llrproject\apache-maven-3.6.1\mvn_repo\org\assertj\assertj-core\3.24.2\assertj-core-3.24.2.jar;D:\llrproject\apache-maven-3.6.1\mvn_repo\net\bytebuddy\byte-buddy\1.14.13\byte-buddy-1.14.13.jar;D:\llrproject\apache-maven-3.6.1\mvn_repo\org\awaitility\awaitility\4.2.1\awaitility-4.2.1.jar;D:\llrproject\apache-maven-3.6.1\mvn_repo\org\hamcrest\hamcrest\2.2\hamcrest-2.2.jar;D:\llrproject\apache-maven-3.6.1\mvn_repo\org\junit\jupiter\junit-jupiter\5.10.2\junit-jupiter-5.10.2.jar;D:\llrproject\apache-maven-3.6.1\mvn_repo\org\junit\jupiter\junit-jupiter-api\5.10.2\junit-jupiter-api-5.10.2.jar;D:\llrproject\apache-maven-3.6.1\mvn_repo\org\opentest4j\opentest4j\1.3.0\opentest4j-1.3.0.jar;D:\llrproject\apache-maven-3.6.1\mvn_repo\org\junit\platform\junit-platform-commons\1.10.2\junit-platform-commons-1.10.2.jar;D:\llrproject\apache-maven-3.6.1\mvn_repo\org\apiguardian\apiguardian-api\1.1.2\apiguardian-api-1.1.2.jar;D:\llrproject\apache-maven-3.6.1\mvn_repo\org\junit\jupiter\junit-jupiter-params\5.10.2\junit-jupiter-params-5.10.2.jar;D:\llrproject\apache-maven-3.6.1\mvn_repo\org\junit\jupiter\junit-jupiter-engine\5.10.2\junit-jupiter-engine-5.10.2.jar;D:\llrproject\apache-maven-3.6.1\mvn_repo\org\junit\platform\junit-platform-engine\1.10.2\junit-platform-engine-1.10.2.jar;D:\llrproject\apache-maven-3.6.1\mvn_repo\org\mockito\mockito-core\5.7.0\mockito-core-5.7.0.jar;D:\llrproject\apache-maven-3.6.1\mvn_repo\net\bytebuddy\byte-buddy-agent\1.14.13\byte-buddy-agent-1.14.13.jar;D:\llrproject\apache-maven-3.6.1\mvn_repo\org\objenesis\objenesis\3.3\objenesis-3.3.jar;D:\llrproject\apache-maven-3.6.1\mvn_repo\org\mockito\mockito-junit-jupiter\5.7.0\mockito-junit-jupiter-5.7.0.jar;D:\llrproject\apache-maven-3.6.1\mvn_repo\org\skyscreamer\jsonassert\1.5.1\jsonassert-1.5.1.jar;D:\llrproject\apache-maven-3.6.1\mvn_repo\com\vaadin\external\google\android-json\0.0.20131108.vaadin1\android-json-0.0.20131108.vaadin1.jar;D:\llrproject\apache-maven-3.6.1\mvn_repo\org\springframework\spring-core\6.1.6\spring-core-6.1.6.jar;D:\llrproject\apache-maven-3.6.1\mvn_repo\org\springframework\spring-jcl\6.1.6\spring-jcl-6.1.6.jar;D:\llrproject\apache-maven-3.6.1\mvn_repo\org\springframework\spring-test\6.1.6\spring-test-6.1.6.jar;D:\llrproject\apache-maven-3.6.1\mvn_repo\org\xmlunit\xmlunit-core\2.9.1\xmlunit-core-2.9.1.jar;D:\llrproject\apache-maven-3.6.1\mvn_repo\org\mybatis\spring\boot\mybatis-spring-boot-starter-test\3.0.3\mybatis-spring-boot-starter-test-3.0.3.jar;D:\llrproject\apache-maven-3.6.1\mvn_repo\org\mybatis\spring\boot\mybatis-spring-boot-test-autoconfigure\3.0.3\mybatis-spring-boot-test-autoconfigure-3.0.3.jar;D:\llrproject\apache-maven-3.6.1\mvn_repo\org\springframework\spring-tx\6.1.6\spring-tx-6.1.6.jar;D:\llrproject\apache-maven-3.6.1\mvn_repo\org\springframework\boot\spring-boot-starter-actuator\3.2.5\spring-boot-starter-actuator-3.2.5.jar;D:\llrproject\apache-maven-3.6.1\mvn_repo\org\springframework\boot\spring-boot-actuator-autoconfigure\3.2.5\spring-boot-actuator-autoconfigure-3.2.5.jar;D:\llrproject\apache-maven-3.6.1\mvn_repo\org\springframework\boot\spring-boot-actuator\3.2.5\spring-boot-actuator-3.2.5.jar;D:\llrproject\apache-maven-3.6.1\mvn_repo\io\micrometer\micrometer-observation\1.12.5\micrometer-observation-1.12.5.jar;D:\llrproject\apache-maven-3.6.1\mvn_repo\io\micrometer\micrometer-commons\1.12.5\micrometer-commons-1.12.5.jar;D:\llrproject\apache-maven-3.6.1\mvn_repo\io\micrometer\micrometer-jakarta9\1.12.5\micrometer-jakarta9-1.12.5.jar;D:\llrproject\apache-maven-3.6.1\mvn_repo\io\micrometer\micrometer-core\1.12.5\micrometer-core-1.12.5.jar;D:\llrproject\apache-maven-3.6.1\mvn_repo\org\hdrhistogram\HdrHistogram\2.1.12\HdrHistogram-2.1.12.jar;D:\llrproject\apache-maven-3.6.1\mvn_repo\org\latencyutils\LatencyUtils\2.0.3\LatencyUtils-2.0.3.jar;D:\llrproject\apache-maven-3.6.1\mvn_repo\com\aliyun\oss\aliyun-sdk-oss\3.15.1\aliyun-sdk-oss-3.15.1.jar;D:\llrproject\apache-maven-3.6.1\mvn_repo\org\apache\httpcomponents\httpclient\4.4.1\httpclient-4.4.1.jar;D:\llrproject\apache-maven-3.6.1\mvn_repo\org\apache\httpcomponents\httpcore\4.4.16\httpcore-4.4.16.jar;D:\llrproject\apache-maven-3.6.1\mvn_repo\commons-logging\commons-logging\1.2\commons-logging-1.2.jar;D:\llrproject\apache-maven-3.6.1\mvn_repo\commons-codec\commons-codec\1.16.1\commons-codec-1.16.1.jar;D:\llrproject\apache-maven-3.6.1\mvn_repo\org\jdom\jdom2\2.0.6.1\jdom2-2.0.6.1.jar;D:\llrproject\apache-maven-3.6.1\mvn_repo\org\codehaus\jettison\jettison\1.1\jettison-1.1.jar;D:\llrproject\apache-maven-3.6.1\mvn_repo\stax\stax-api\1.0.1\stax-api-1.0.1.jar;D:\llrproject\apache-maven-3.6.1\mvn_repo\com\aliyun\aliyun-java-sdk-core\4.5.10\aliyun-java-sdk-core-4.5.10.jar;D:\llrproject\apache-maven-3.6.1\mvn_repo\com\google\code\gson\gson\2.10.1\gson-2.10.1.jar;D:\llrproject\apache-maven-3.6.1\mvn_repo\org\jacoco\org.jacoco.agent\0.8.5\org.jacoco.agent-0.8.5-runtime.jar;D:\llrproject\apache-maven-3.6.1\mvn_repo\org\ini4j\ini4j\0.5.4\ini4j-0.5.4.jar;D:\llrproject\apache-maven-3.6.1\mvn_repo\io\opentracing\opentracing-api\0.33.0\opentracing-api-0.33.0.jar;D:\llrproject\apache-maven-3.6.1\mvn_repo\io\opentracing\opentracing-util\0.33.0\opentracing-util-0.33.0.jar;D:\llrproject\apache-maven-3.6.1\mvn_repo\io\opentracing\opentracing-noop\0.33.0\opentracing-noop-0.33.0.jar;D:\llrproject\apache-maven-3.6.1\mvn_repo\com\aliyun\aliyun-java-sdk-ram\3.1.0\aliyun-java-sdk-ram-3.1.0.jar;D:\llrproject\apache-maven-3.6.1\mvn_repo\com\aliyun\aliyun-java-sdk-kms\2.11.0\aliyun-java-sdk-kms-2.11.0.jar;D:\llrproject\apache-maven-3.6.1\mvn_repo\javax\xml\bind\jaxb-api\2.3.1\jaxb-api-2.3.1.jar;D:\llrproject\apache-maven-3.6.1\mvn_repo\javax\activation\javax.activation-api\1.2.0\javax.activation-api-1.2.0.jar;D:\llrproject\apache-maven-3.6.1\mvn_repo\javax\activation\activation\1.1.1\activation-1.1.1.jar;D:\llrproject\apache-maven-3.6.1\mvn_repo\org\glassfish\jaxb\jaxb-runtime\2.3.3\jaxb-runtime-2.3.3.jar;D:\llrproject\apache-maven-3.6.1\mvn_repo\org\glassfish\jaxb\txw2\4.0.5\txw2-4.0.5.jar;D:\llrproject\apache-maven-3.6.1\mvn_repo\com\sun\istack\istack-commons-runtime\4.1.2\istack-commons-runtime-4.1.2.jar;D:\llrproject\apache-maven-3.6.1\mvn_repo\com\sun\activation\jakarta.activation\1.2.2\jakarta.activation-1.2.2.jar;D:\llrproject\apache-maven-3.6.1\mvn_repo\org\springframework\boot\spring-boot-configuration-processor\3.2.5\spring-boot-configuration-processor-3.2.5.jar;D:\llrproject\apache-maven-3.6.1\mvn_repo\io\jsonwebtoken\jjwt\0.9.1\jjwt-0.9.1.jar;D:\llrproject\apache-maven-3.6.1\mvn_repo\com\fasterxml\jackson\core\jackson-databind\2.15.4\jackson-databind-2.15.4.jar;D:\llrproject\apache-maven-3.6.1\mvn_repo\com\fasterxml\jackson\core\jackson-annotations\2.15.4\jackson-annotations-2.15.4.jar;D:\llrproject\apache-maven-3.6.1\mvn_repo\com\fasterxml\jackson\core\jackson-core\2.15.4\jackson-core-2.15.4.jar;D:\llrproject\apache-maven-3.6.1\mvn_repo\com\alibaba\fastjson\1.2.76\fastjson-1.2.76.jar;D:\llrproject\apache-maven-3.6.1\mvn_repo\org\springframework\boot\spring-boot-starter-aop\3.2.5\spring-boot-starter-aop-3.2.5.jar;D:\llrproject\apache-maven-3.6.1\mvn_repo\org\springframework\spring-aop\6.1.6\spring-aop-6.1.6.jar;D:\llrproject\apache-maven-3.6.1\mvn_repo\org\aspectj\aspectjweaver\1.9.22\aspectjweaver-1.9.22.jar;"/>
    <property name="sun.cpu.endian" value="little"/>
    <property name="user.home" value="C:\Users\李哈哈"/>
    <property name="user.language" value="zh"/>
    <property name="java.specification.vendor" value="Oracle Corporation"/>
    <property name="java.version.date" value="2023-10-17"/>
    <property name="java.home" value="D:\llrjava\jdk"/>
    <property name="file.separator" value="\"/>
    <property name="basedir" value="D:\JavaProjectLibrary\llrs-web-management"/>
    <property name="java.vm.compressedOopsMode" value="Zero based"/>
    <property name="line.separator" value="&#10;"/>
    <property name="java.vm.specification.vendor" value="Oracle Corporation"/>
    <property name="java.specification.name" value="Java Platform API Specification"/>
    <property name="surefire.real.class.path" value="C:\Users\李哈哈\AppData\Local\Temp\surefire14133517555710609058\surefirebooter-20240509221238203_3.jar"/>
    <property name="user.script" value=""/>
    <property name="sun.management.compiler" value="HotSpot 64-Bit Tiered Compilers"/>
    <property name="java.runtime.version" value="17.0.9+11-LTS-201"/>
    <property name="user.name" value="李哈哈"/>
    <property name="path.separator" value=";"/>
    <property name="os.version" value="10.0"/>
    <property name="java.runtime.name" value="Java(TM) SE Runtime Environment"/>
    <property name="file.encoding" value="GBK"/>
    <property name="java.vm.name" value="Java HotSpot(TM) 64-Bit Server VM"/>
    <property name="localRepository" value="D:\llrproject\apache-maven-3.6.1\mvn_repo"/>
    <property name="java.vendor.url.bug" value="https://bugreport.java.com/bugreport/"/>
    <property name="java.io.tmpdir" value="C:\Users\李哈哈\AppData\Local\Temp\"/>
    <property name="idea.version" value="2023.2.5"/>
    <property name="java.version" value="17.0.9"/>
    <property name="user.dir" value="D:\JavaProjectLibrary\llrs-web-management"/>
    <property name="os.arch" value="amd64"/>
    <property name="java.vm.specification.name" value="Java Virtual Machine Specification"/>
    <property name="sun.os.patch.level" value=""/>
    <property name="native.encoding" value="GBK"/>
    <property name="java.library.path" value="D:\llrjava\jdk\bin;C:\Windows\Sun\Java\bin;C:\Windows\system32;C:\Windows;D:\llrjava\jdk\bin;D:\Bin;C:\Windows\system32;C:\Windows;C:\Windows\System32\Wbem;C:\Windows\System32\WindowsPowerShell\v1.0\;C:\Windows\System32\OpenSSH\;C:\Program Files (x86)\NVIDIA Corporation\PhysX\Common;C:\Program Files\dotnet\;C:\Program Files\Bandizip\;D:\Windows Kits\10\Windows Performance Toolkit\;C:\Program Files\NVIDIA Corporation\NVIDIA NvDLISR;D:\llrproject\nodejs\;D:\llrproject\apache-maven-3.6.1\bin;C:\Program Files (x86)\dotnet\;D:\llrproject\mysql-8.0.31-winx64\bin;C:\Users\李哈哈\AppData\Local\Microsoft\WindowsApps;D:\Microsoft VS Code\bin;C:\Users\李哈哈\AppData\Roaming\npm;C:\Users\李哈哈\AppData\Local\GitHubDesktop\bin;."/>
    <property name="java.vm.info" value="mixed mode, sharing"/>
    <property name="java.vendor" value="Oracle Corporation"/>
    <property name="java.vm.version" value="17.0.9+11-LTS-201"/>
    <property name="sun.io.unicode.encoding" value="UnicodeLittle"/>
    <property name="java.class.version" value="61.0"/>
  </properties>
  <testcase name="contextLoads" classname="com.llrjava.LlrsWebManagementApplicationTests" time="0.013"/>
  <testcase name="testGenJwt" classname="com.llrjava.LlrsWebManagementApplicationTests" time="0.193">
    <system-out><![CDATA[eyJhbGciOiJIUzI1NiJ9.eyJuYW1lIjoiVG9tIiwiaWQiOjEsImV4cCI6MTcxNTI2NzU1OH0.e_sBFDKjpfJeNhVKmouBDPTd4gei7YnG1oV1Jd4vQAg
]]></system-out>
  </testcase>
  <testcase name="testParseJwt" classname="com.llrjava.LlrsWebManagementApplicationTests" time="0.017">
    <error message="JWT expired at 2024-05-05T14:54:48Z. Current time: 2024-05-09T22:12:38Z, a difference of 371870830 milliseconds.  Allowed clock skew: 0 milliseconds." type="io.jsonwebtoken.ExpiredJwtException"><![CDATA[io.jsonwebtoken.ExpiredJwtException: JWT expired at 2024-05-05T14:54:48Z. Current time: 2024-05-09T22:12:38Z, a difference of 371870830 milliseconds.  Allowed clock skew: 0 milliseconds.
	at io.jsonwebtoken.impl.DefaultJwtParser.parse(DefaultJwtParser.java:385)
	at com.llrjava.LlrsWebManagementApplicationTests.testParseJwt(LlrsWebManagementApplicationTests.java:39)
	at java.base/java.lang.reflect.Method.invoke(Method.java:568)
	at java.base/java.util.ArrayList.forEach(ArrayList.java:1511)
	at java.base/java.util.ArrayList.forEach(ArrayList.java:1511)
]]></error>
  </testcase>
</testsuite>